<?xml version="1.0" encoding="UTF-8"?>
<coverage generated="1683735273010" clover="3.2.0">
  <project timestamp="1683735273010" name="All files">
    <metrics statements="2" coveredstatements="2" conditionals="0" coveredconditionals="0" methods="1" coveredmethods="1" elements="3" coveredelements="3" complexity="0" loc="2" ncloc="2" packages="1" files="1" classes="1"/>
    <file name="Checkbox.tsx" path="/Users/darayazdani/diy-bootcamp-repos/avocado-component-library/src/components/Checkbox/Checkbox.tsx">
      <metrics statements="2" coveredstatements="2" conditionals="0" coveredconditionals="0" methods="1" coveredmethods="1"/>
      <line num="11" count="1" type="stmt"/>
      <line num="12" count="5" type="stmt"/>
    </file>
  </project>
</coverage>
