{"/Users/darayazdani/diy-bootcamp-repos/avocado-component-library/src/components/Checkbox/Checkbox.tsx": {"path":"/Users/darayazdani/diy-bootcamp-repos/avocado-component-library/src/components/Checkbox/Checkbox.tsx","statementMap":{"0":{"start":{"line":11,"column":17},"end":{"line":25,"column":1}},"1":{"start":{"line":12,"column":2},"end":{"line":24,"column":3}}},"fnMap":{"0":{"name":"(anonymous_0)","decl":{"start":{"line":11,"column":17},"end":{"line":11,"column":18}},"loc":{"start":{"line":11,"column":74},"end":{"line":25,"column":1}},"line":11}},"branchMap":{},"s":{"0":1,"1":5},"f":{"0":5},"b":{},"_coverageSchema":"1a1c01bbd47fc00a2c39e90264f33305004495a9","hash":"c6f2967630aa130e0cb3b75488a3010b95ffd346"}
}
