{"/Users/darayazdani/diy-bootcamp-repos/avocado-component-library/src/components/Contexts.tsx": {"path":"/Users/darayazdani/diy-bootcamp-repos/avocado-component-library/src/components/Contexts.tsx","statementMap":{"0":{"start":{"line":3,"column":28},"end":{"line":3,"column":50}}},"fnMap":{},"branchMap":{},"s":{"0":1},"f":{},"b":{},"_coverageSchema":"1a1c01bbd47fc00a2c39e90264f33305004495a9","hash":"100d05efb45afdb545818ff62527156e3ae3cf74"}
,"/Users/darayazdani/diy-bootcamp-repos/avocado-component-library/src/components/Checkbox/Checkbox.tsx": {"path":"/Users/darayazdani/diy-bootcamp-repos/avocado-component-library/src/components/Checkbox/Checkbox.tsx","statementMap":{"0":{"start":{"line":12,"column":17},"end":{"line":32,"column":1}},"1":{"start":{"line":13,"column":30},"end":{"line":13,"column":47}},"2":{"start":{"line":14,"column":34},"end":{"line":14,"column":58}},"3":{"start":{"line":15,"column":2},"end":{"line":31,"column":3}},"4":{"start":{"line":25,"column":24},"end":{"line":25,"column":44}}},"fnMap":{"0":{"name":"(anonymous_0)","decl":{"start":{"line":12,"column":17},"end":{"line":12,"column":18}},"loc":{"start":{"line":12,"column":65},"end":{"line":32,"column":1}},"line":12},"1":{"name":"(anonymous_1)","decl":{"start":{"line":25,"column":18},"end":{"line":25,"column":19}},"loc":{"start":{"line":25,"column":24},"end":{"line":25,"column":44}},"line":25}},"branchMap":{},"s":{"0":1,"1":6,"2":6,"3":6,"4":1},"f":{"0":6,"1":1},"b":{},"_coverageSchema":"1a1c01bbd47fc00a2c39e90264f33305004495a9","hash":"a912750c606473ab1e92c4dd92b104a2af3c6e5b"}
}
