TN:
SF:src/components/Contexts.tsx
FNF:0
FNH:0
DA:3,3
LF:1
LH:1
BRF:0
BRH:0
end_of_record
TN:
SF:src/components/Button/Button.tsx
FN:11,(anonymous_0)
FNF:1
FNH:1
FNDA:2,(anonymous_0)
DA:11,1
DA:12,2
LF:2
LH:2
BRF:0
BRH:0
end_of_record
TN:
SF:src/components/Checkbox/Checkbox.tsx
FN:14,(anonymous_0)
FNF:1
FNH:1
FNDA:3,(anonymous_0)
DA:14,1
DA:15,3
DA:16,3
LF:3
LH:3
BRF:0
BRH:0
end_of_record
TN:
SF:src/components/InputCheckbox/InputCheckbox.tsx
FN:7,(anonymous_0)
FN:21,(anonymous_1)
FNF:2
FNH:2
FNDA:7,(anonymous_0)
FNDA:1,(anonymous_1)
DA:7,2
DA:8,7
DA:9,7
DA:11,7
DA:21,1
LF:5
LH:5
BRF:0
BRH:0
end_of_record
TN:
SF:src/components/Label/Label.tsx
FN:7,(anonymous_0)
FNF:1
FNH:1
FNDA:4,(anonymous_0)
DA:7,2
DA:8,4
DA:9,4
LF:3
LH:3
BRF:0
BRH:0
end_of_record
TN:
SF:src/components/Slider/Slider.tsx
FN:11,(anonymous_0)
FNF:1
FNH:1
FNDA:2,(anonymous_0)
DA:11,1
DA:12,2
LF:2
LH:2
BRF:0
BRH:0
end_of_record
